<?xml version="1.0" encoding="UTF-8"?>
<!-- Generated by org.testng.reporters.JUnitReportReporter -->
<testsuite hostname="RAJATPRAJAPATI" name="example.NewTest" tests="1" failures="0" timestamp="20 Oct 2018 16:02:43 GMT" time="47.725" errors="0">
  <testcase name="testEasy" time="47.725" classname="example.NewTest"/>
</testsuite> <!-- example.NewTest -->
